[01m[K/home/sangjun/gcamp_ros2_ws/src/gcamp_ros2_basic/cpp_topic_pkg/src/parking.cpp:[m[K In member function â€˜[01m[Kvoid ParkingNode::ShowRoboVeloInfo()[m[Kâ€™:
[01m[K/home/sangjun/gcamp_ros2_ws/src/gcamp_ros2_basic/cpp_topic_pkg/src/parking.cpp:186:15:[m[K [01;31m[Kerror: [m[Kâ€˜[01m[Kprtinf[m[Kâ€™ was not declared in this scope; did you mean â€˜[01m[Kprintf[m[Kâ€™?
  186 |               [01;31m[Kprtinf[m[K("%d",Mapmatrix[i][j]);
      |               [01;31m[K^~~~~~[m[K
      |               [32m[Kprintf[m[K
[01m[K/home/sangjun/gcamp_ros2_ws/src/gcamp_ros2_basic/cpp_topic_pkg/src/parking.cpp:188:11:[m[K [01;31m[Kerror: [m[Kâ€˜[01m[Kprtinf[m[Kâ€™ was not declared in this scope; did you mean â€˜[01m[Kprintf[m[Kâ€™?
  188 |           [01;31m[Kprtinf[m[K("\n");
      |           [01;31m[K^~~~~~[m[K
      |           [32m[Kprintf[m[K
[01m[K/home/sangjun/gcamp_ros2_ws/src/gcamp_ros2_basic/cpp_topic_pkg/src/parking.cpp:190:7:[m[K [01;31m[Kerror: [m[Kâ€˜[01m[Kprtinf[m[Kâ€™ was not declared in this scope; did you mean â€˜[01m[Kprintf[m[Kâ€™?
  190 |       [01;31m[Kprtinf[m[K("\n");
      |       [01;31m[K^~~~~~[m[K
      |       [32m[Kprintf[m[K
make[2]: *** [CMakeFiles/parking_node.dir/build.make:76: CMakeFiles/parking_node.dir/src/parking.cpp.o] Error 1
make[1]: *** [CMakeFiles/Makefile2:203: CMakeFiles/parking_node.dir/all] Error 2
make: *** [Makefile:146: all] Error 2
