[0.059s] Invoking command in '/home/sangjun/gcamp_ros2_ws/build/cpp_topic_pkg': CMAKE_PREFIX_PATH=${CMAKE_PREFIX_PATH}:/home/sangjun/gcamp_ros2_ws/install/py_topic_pkg:/home/sangjun/gcamp_ros2_ws/install/py_service_pkg:/home/sangjun/gcamp_ros2_ws/install/py_first_pkg:/home/sangjun/gcamp_ros2_ws/install/py_action_pkg:/opt/ros/foxy /usr/local/bin/cmake --build /home/sangjun/gcamp_ros2_ws/build/cpp_topic_pkg -- -j8 -l8
[0.105s] [ 12%] Built target cmd_vel_pub_node
[0.111s] [ 18%] [32mBuilding CXX object CMakeFiles/parking_node.dir/src/parking.cpp.o[0m
[0.111s] [ 31%] Built target laser_sub_node
[0.111s] [ 43%] Built target topic_pub_node
[0.114s] [ 56%] Built target parkingz_node
[0.114s] [ 68%] Built target topic_pub_oop_node
[0.120s] [ 81%] Built target topic_sub_node
[0.124s] [ 93%] Built target topic_sub_oop_node
[1.428s] [01m[K/home/sangjun/gcamp_ros2_ws/src/gcamp_ros2_basic/cpp_topic_pkg/src/parking.cpp:[m[K In member function â€˜[01m[Kvoid ParkingNode::ShowRoboVeloInfo()[m[Kâ€™:
[1.428s] [01m[K/home/sangjun/gcamp_ros2_ws/src/gcamp_ros2_basic/cpp_topic_pkg/src/parking.cpp:186:15:[m[K [01;31m[Kerror: [m[Kâ€˜[01m[Kprtinf[m[Kâ€™ was not declared in this scope; did you mean â€˜[01m[Kprintf[m[Kâ€™?
[1.428s]   186 |               [01;31m[Kprtinf[m[K("%d",Mapmatrix[i][j]);
[1.428s]       |               [01;31m[K^~~~~~[m[K
[1.428s]       |               [32m[Kprintf[m[K
[1.429s] [01m[K/home/sangjun/gcamp_ros2_ws/src/gcamp_ros2_basic/cpp_topic_pkg/src/parking.cpp:188:11:[m[K [01;31m[Kerror: [m[Kâ€˜[01m[Kprtinf[m[Kâ€™ was not declared in this scope; did you mean â€˜[01m[Kprintf[m[Kâ€™?
[1.429s]   188 |           [01;31m[Kprtinf[m[K("\n");
[1.429s]       |           [01;31m[K^~~~~~[m[K
[1.429s]       |           [32m[Kprintf[m[K
[1.430s] [01m[K/home/sangjun/gcamp_ros2_ws/src/gcamp_ros2_basic/cpp_topic_pkg/src/parking.cpp:190:7:[m[K [01;31m[Kerror: [m[Kâ€˜[01m[Kprtinf[m[Kâ€™ was not declared in this scope; did you mean â€˜[01m[Kprintf[m[Kâ€™?
[1.431s]   190 |       [01;31m[Kprtinf[m[K("\n");
[1.431s]       |       [01;31m[K^~~~~~[m[K
[1.431s]       |       [32m[Kprintf[m[K
[3.068s] make[2]: *** [CMakeFiles/parking_node.dir/build.make:76: CMakeFiles/parking_node.dir/src/parking.cpp.o] Error 1
[3.068s] make[1]: *** [CMakeFiles/Makefile2:203: CMakeFiles/parking_node.dir/all] Error 2
[3.068s] make: *** [Makefile:146: all] Error 2
[3.070s] Invoked command in '/home/sangjun/gcamp_ros2_ws/build/cpp_topic_pkg' returned '2': CMAKE_PREFIX_PATH=${CMAKE_PREFIX_PATH}:/home/sangjun/gcamp_ros2_ws/install/py_topic_pkg:/home/sangjun/gcamp_ros2_ws/install/py_service_pkg:/home/sangjun/gcamp_ros2_ws/install/py_first_pkg:/home/sangjun/gcamp_ros2_ws/install/py_action_pkg:/opt/ros/foxy /usr/local/bin/cmake --build /home/sangjun/gcamp_ros2_ws/build/cpp_topic_pkg -- -j8 -l8
