[01m[K/home/sangjun/gcamp_ros2_ws/src/gcamp_ros2_basic/cpp_topic_pkg/src/parkingz.cpp:[m[K In member function â€˜[01m[Kvoid ParkingNode::control_robot_Astar(int, int)[m[Kâ€™:
[01m[K/home/sangjun/gcamp_ros2_ws/src/gcamp_ros2_basic/cpp_topic_pkg/src/parkingz.cpp:290:38:[m[K [01;31m[Kerror: [m[Kâ€˜[01m[Kdxy[m[Kâ€™ was not declared in this scope; did you mean â€˜[01m[Kdx2[m[Kâ€™?
  290 |                 std::cout<< CurrentX+[01;31m[Kdxy[m[K[i] << CurrentY+dyy[i] << std::endl;
      |                                      [01;31m[K^~~[m[K
      |                                      [32m[Kdx2[m[K
[01m[K/home/sangjun/gcamp_ros2_ws/src/gcamp_ros2_basic/cpp_topic_pkg/src/parkingz.cpp:290:57:[m[K [01;31m[Kerror: [m[Kâ€˜[01m[Kdyy[m[Kâ€™ was not declared in this scope; did you mean â€˜[01m[Kdy2[m[Kâ€™?
  290 |                 std::cout<< CurrentX+dxy[i] << CurrentY+[01;31m[Kdyy[m[K[i] << std::endl;
      |                                                         [01;31m[K^~~[m[K
      |                                                         [32m[Kdy2[m[K
make[2]: *** [CMakeFiles/parkingz_node.dir/build.make:76: CMakeFiles/parkingz_node.dir/src/parkingz.cpp.o] Error 1
make[1]: *** [CMakeFiles/Makefile2:229: CMakeFiles/parkingz_node.dir/all] Error 2
make: *** [Makefile:146: all] Error 2
