[0.052s] Invoking command in '/home/sangjun/gcamp_ros2_ws/build/cpp_topic_pkg': CMAKE_PREFIX_PATH=${CMAKE_PREFIX_PATH}:/home/sangjun/gcamp_ros2_ws/install/py_topic_pkg:/home/sangjun/gcamp_ros2_ws/install/py_service_pkg:/home/sangjun/gcamp_ros2_ws/install/py_first_pkg:/home/sangjun/gcamp_ros2_ws/install/py_action_pkg:/opt/ros/foxy /usr/local/bin/cmake --build /home/sangjun/gcamp_ros2_ws/build/cpp_topic_pkg -- -j8 -l8
[0.118s] [ 25%] Built target cmd_vel_pub_node
[0.118s] [ 25%] Built target parking_node
[0.119s] [ 31%] [32mBuilding CXX object CMakeFiles/parkingz_node.dir/src/parkingz.cpp.o[0m
[0.119s] [ 43%] Built target laser_sub_node
[0.122s] [ 68%] Built target topic_pub_oop_node
[0.122s] [ 68%] Built target topic_pub_node
[0.122s] [ 81%] Built target topic_sub_oop_node
[0.123s] [ 93%] Built target topic_sub_node
[1.797s] [01m[K/home/sangjun/gcamp_ros2_ws/src/gcamp_ros2_basic/cpp_topic_pkg/src/parkingz.cpp:[m[K In member function â€˜[01m[Kvoid ParkingNode::control_robot_Astar(int, int)[m[Kâ€™:
[1.797s] [01m[K/home/sangjun/gcamp_ros2_ws/src/gcamp_ros2_basic/cpp_topic_pkg/src/parkingz.cpp:290:38:[m[K [01;31m[Kerror: [m[Kâ€˜[01m[Kdxy[m[Kâ€™ was not declared in this scope; did you mean â€˜[01m[Kdx2[m[Kâ€™?
[1.797s]   290 |                 std::cout<< CurrentX+[01;31m[Kdxy[m[K[i] << CurrentY+dyy[i] << std::endl;
[1.798s]       |                                      [01;31m[K^~~[m[K
[1.798s]       |                                      [32m[Kdx2[m[K
[1.798s] [01m[K/home/sangjun/gcamp_ros2_ws/src/gcamp_ros2_basic/cpp_topic_pkg/src/parkingz.cpp:290:57:[m[K [01;31m[Kerror: [m[Kâ€˜[01m[Kdyy[m[Kâ€™ was not declared in this scope; did you mean â€˜[01m[Kdy2[m[Kâ€™?
[1.798s]   290 |                 std::cout<< CurrentX+dxy[i] << CurrentY+[01;31m[Kdyy[m[K[i] << std::endl;
[1.799s]       |                                                         [01;31m[K^~~[m[K
[1.799s]       |                                                         [32m[Kdy2[m[K
[3.954s] make[2]: *** [CMakeFiles/parkingz_node.dir/build.make:76: CMakeFiles/parkingz_node.dir/src/parkingz.cpp.o] Error 1
[3.954s] make[1]: *** [CMakeFiles/Makefile2:229: CMakeFiles/parkingz_node.dir/all] Error 2
[3.954s] make: *** [Makefile:146: all] Error 2
[3.956s] Invoked command in '/home/sangjun/gcamp_ros2_ws/build/cpp_topic_pkg' returned '2': CMAKE_PREFIX_PATH=${CMAKE_PREFIX_PATH}:/home/sangjun/gcamp_ros2_ws/install/py_topic_pkg:/home/sangjun/gcamp_ros2_ws/install/py_service_pkg:/home/sangjun/gcamp_ros2_ws/install/py_first_pkg:/home/sangjun/gcamp_ros2_ws/install/py_action_pkg:/opt/ros/foxy /usr/local/bin/cmake --build /home/sangjun/gcamp_ros2_ws/build/cpp_topic_pkg -- -j8 -l8
