[0.106s] Invoking command in '/home/sangjun/gcamp_ros2_ws/build/cpp_topic_pkg': CMAKE_PREFIX_PATH=${CMAKE_PREFIX_PATH}:/home/sangjun/gcamp_ros2_ws/install/py_topic_pkg:/home/sangjun/gcamp_ros2_ws/install/py_service_pkg:/home/sangjun/gcamp_ros2_ws/install/py_first_pkg:/home/sangjun/gcamp_ros2_ws/install/py_action_pkg:/opt/ros/foxy /usr/local/bin/cmake --build /home/sangjun/gcamp_ros2_ws/build/cpp_topic_pkg -- -j8 -l8
[0.574s] [ 12%] Built target cmd_vel_pub_node
[0.640s] [ 50%] Built target topic_pub_node
[0.641s] [ 50%] Built target topic_sub_node
[0.641s] [ 62%] Built target topic_sub_oop_node
[0.641s] [ 50%] Built target topic_pub_oop_node
[0.643s] [ 75%] Built target laser_sub_node
[0.701s] [ 81%] [32mBuilding CXX object CMakeFiles/parkingz_node.dir/src/parkingz.cpp.o[0m
[0.701s] [ 87%] [32mBuilding CXX object CMakeFiles/parking_node.dir/src/parking.cpp.o[0m
[5.417s] [01m[K/home/sangjun/gcamp_ros2_ws/src/gcamp_ros2_basic/cpp_topic_pkg/src/parking.cpp:[m[K In member function â€˜[01m[Kvoid ParkingNode::sub_callback(sensor_msgs::msg::LaserScan_<std::allocator<void> >::SharedPtr)[m[Kâ€™:
[5.417s] [01m[K/home/sangjun/gcamp_ros2_ws/src/gcamp_ros2_basic/cpp_topic_pkg/src/parking.cpp:277:9:[m[K [01;31m[Kerror: [m[Kâ€˜[01m[Kfill[m[Kâ€™ was not declared in this scope; did you mean â€˜[01m[Kstd::fill[m[Kâ€™?
[5.417s]   277 |         [01;31m[Kfill[m[K(&zmap[0][0], &zmap[99][100], '0');
[5.418s]       |         [01;31m[K^~~~[m[K
[5.418s]       |         [32m[Kstd::fill[m[K
[5.418s] In file included from [01m[K/usr/include/c++/9/vector:68[m[K,
[5.418s]                  from [01m[K/usr/include/c++/9/queue:61[m[K,
[5.418s]                  from [01m[K/usr/include/x86_64-linux-gnu/c++/9/bits/stdc++.h:86[m[K,
[5.418s]                  from [01m[K/home/sangjun/gcamp_ros2_ws/src/gcamp_ros2_basic/cpp_topic_pkg/src/parking.cpp:1[m[K:
[5.418s] [01m[K/usr/include/c++/9/bits/stl_bvector.h:411:3:[m[K [01;36m[Knote: [m[Kâ€˜[01m[Kstd::fill[m[Kâ€™ declared here
[5.418s]   411 |   [01;36m[Kfill[m[K(_Bit_iterator __first, _Bit_iterator __last, const bool& __x)
[5.418s]       |   [01;36m[K^~~~[m[K
[7.471s] make[2]: *** [CMakeFiles/parking_node.dir/build.make:76: CMakeFiles/parking_node.dir/src/parking.cpp.o] Error 1
[7.471s] make[1]: *** [CMakeFiles/Makefile2:203: CMakeFiles/parking_node.dir/all] Error 2
[7.471s] make[1]: *** Waiting for unfinished jobs....
[10.223s] [ 93%] [32m[1mLinking CXX executable parkingz_node[0m
[10.856s] [ 93%] Built target parkingz_node
[10.857s] make: *** [Makefile:146: all] Error 2
[10.858s] Invoked command in '/home/sangjun/gcamp_ros2_ws/build/cpp_topic_pkg' returned '2': CMAKE_PREFIX_PATH=${CMAKE_PREFIX_PATH}:/home/sangjun/gcamp_ros2_ws/install/py_topic_pkg:/home/sangjun/gcamp_ros2_ws/install/py_service_pkg:/home/sangjun/gcamp_ros2_ws/install/py_first_pkg:/home/sangjun/gcamp_ros2_ws/install/py_action_pkg:/opt/ros/foxy /usr/local/bin/cmake --build /home/sangjun/gcamp_ros2_ws/build/cpp_topic_pkg -- -j8 -l8
