[01m[K/home/sangjun/gcamp_ros2_ws/src/gcamp_ros2_basic/cpp_topic_pkg/src/parkingz.cpp:[m[K In member function â€˜[01m[Kvoid ParkingNode::control_star_position(int)[m[Kâ€™:
[01m[K/home/sangjun/gcamp_ros2_ws/src/gcamp_ros2_basic/cpp_topic_pkg/src/parkingz.cpp:303:18:[m[K [01;31m[Kerror: [m[Ktoo few arguments to function â€˜[01m[Kvoid exit(int)[m[Kâ€™
  303 |             exit([01;31m[K)[m[K;
      |                  [01;31m[K^[m[K
In file included from [01m[K/usr/include/c++/9/bits/std_abs.h:38[m[K,
                 from [01m[K/usr/include/c++/9/cmath:47[m[K,
                 from [01m[K/usr/include/x86_64-linux-gnu/c++/9/bits/stdc++.h:41[m[K,
                 from [01m[K/home/sangjun/gcamp_ros2_ws/src/gcamp_ros2_basic/cpp_topic_pkg/src/parkingz.cpp:1[m[K:
[01m[K/usr/include/stdlib.h:617:13:[m[K [01;36m[Knote: [m[Kdeclared here
  617 | extern void [01;36m[Kexit[m[K (int __status) __THROW __attribute__ ((__noreturn__));
      |             [01;36m[K^~~~[m[K
make[2]: *** [CMakeFiles/parkingz_node.dir/build.make:76: CMakeFiles/parkingz_node.dir/src/parkingz.cpp.o] Error 1
make[1]: *** [CMakeFiles/Makefile2:229: CMakeFiles/parkingz_node.dir/all] Error 2
make: *** [Makefile:146: all] Error 2
