[0.065s] Invoking command in '/home/sangjun/gcamp_ros2_ws/build/cpp_topic_pkg': CMAKE_PREFIX_PATH=${CMAKE_PREFIX_PATH}:/home/sangjun/gcamp_ros2_ws/install/py_topic_pkg:/home/sangjun/gcamp_ros2_ws/install/py_service_pkg:/home/sangjun/gcamp_ros2_ws/install/py_first_pkg:/home/sangjun/gcamp_ros2_ws/install/py_action_pkg:/opt/ros/foxy /usr/local/bin/cmake --build /home/sangjun/gcamp_ros2_ws/build/cpp_topic_pkg -- -j8 -l8
[0.385s] [ 25%] Built target parking_node
[0.385s] [ 25%] Built target laser_sub_node
[0.385s] [ 37%] Built target cmd_vel_pub_node
[0.386s] [ 43%] [32mBuilding CXX object CMakeFiles/parkingz_node.dir/src/parkingz.cpp.o[0m
[0.386s] [ 56%] Built target topic_pub_node
[0.386s] [ 68%] Built target topic_sub_node
[0.386s] [ 81%] Built target topic_pub_oop_node
[0.386s] [ 93%] Built target topic_sub_oop_node
[1.764s] [01m[K/home/sangjun/gcamp_ros2_ws/src/gcamp_ros2_basic/cpp_topic_pkg/src/parkingz.cpp:[m[K In member function â€˜[01m[Kvoid ParkingNode::control_star_position(int)[m[Kâ€™:
[1.764s] [01m[K/home/sangjun/gcamp_ros2_ws/src/gcamp_ros2_basic/cpp_topic_pkg/src/parkingz.cpp:303:18:[m[K [01;31m[Kerror: [m[Ktoo few arguments to function â€˜[01m[Kvoid exit(int)[m[Kâ€™
[1.764s]   303 |             exit([01;31m[K)[m[K;
[1.765s]       |                  [01;31m[K^[m[K
[1.765s] In file included from [01m[K/usr/include/c++/9/bits/std_abs.h:38[m[K,
[1.765s]                  from [01m[K/usr/include/c++/9/cmath:47[m[K,
[1.765s]                  from [01m[K/usr/include/x86_64-linux-gnu/c++/9/bits/stdc++.h:41[m[K,
[1.765s]                  from [01m[K/home/sangjun/gcamp_ros2_ws/src/gcamp_ros2_basic/cpp_topic_pkg/src/parkingz.cpp:1[m[K:
[1.765s] [01m[K/usr/include/stdlib.h:617:13:[m[K [01;36m[Knote: [m[Kdeclared here
[1.765s]   617 | extern void [01;36m[Kexit[m[K (int __status) __THROW __attribute__ ((__noreturn__));
[1.765s]       |             [01;36m[K^~~~[m[K
[3.732s] make[2]: *** [CMakeFiles/parkingz_node.dir/build.make:76: CMakeFiles/parkingz_node.dir/src/parkingz.cpp.o] Error 1
[3.732s] make[1]: *** [CMakeFiles/Makefile2:229: CMakeFiles/parkingz_node.dir/all] Error 2
[3.732s] make: *** [Makefile:146: all] Error 2
[3.734s] Invoked command in '/home/sangjun/gcamp_ros2_ws/build/cpp_topic_pkg' returned '2': CMAKE_PREFIX_PATH=${CMAKE_PREFIX_PATH}:/home/sangjun/gcamp_ros2_ws/install/py_topic_pkg:/home/sangjun/gcamp_ros2_ws/install/py_service_pkg:/home/sangjun/gcamp_ros2_ws/install/py_first_pkg:/home/sangjun/gcamp_ros2_ws/install/py_action_pkg:/opt/ros/foxy /usr/local/bin/cmake --build /home/sangjun/gcamp_ros2_ws/build/cpp_topic_pkg -- -j8 -l8
