[01m[K/home/sangjun/gcamp_ros2_ws/src/gcamp_ros2_basic/cpp_topic_pkg/src/parkingz.cpp:[m[K In member function â€˜[01m[Kvoid ParkingNode::control_star_position(int)[m[Kâ€™:
[01m[K/home/sangjun/gcamp_ros2_ws/src/gcamp_ros2_basic/cpp_topic_pkg/src/parkingz.cpp:301:53:[m[K [01;31m[Kerror: [m[Kexpected â€˜[01m[K;[m[Kâ€™ before â€˜[01m[K}[m[Kâ€™ token
  301 |         if (abs(value) > 3.14) {value = value - 2*PI[01;31m[K}[m[K
      |                                                     [01;31m[K^[m[K
make[2]: *** [CMakeFiles/parkingz_node.dir/build.make:76: CMakeFiles/parkingz_node.dir/src/parkingz.cpp.o] Error 1
make[1]: *** [CMakeFiles/Makefile2:229: CMakeFiles/parkingz_node.dir/all] Error 2
make: *** [Makefile:146: all] Error 2
