[0.056s] Invoking command in '/home/sangjun/gcamp_ros2_ws/build/cpp_topic_pkg': CMAKE_PREFIX_PATH=${CMAKE_PREFIX_PATH}:/home/sangjun/gcamp_ros2_ws/install/py_topic_pkg:/home/sangjun/gcamp_ros2_ws/install/py_service_pkg:/home/sangjun/gcamp_ros2_ws/install/py_first_pkg:/home/sangjun/gcamp_ros2_ws/install/py_action_pkg:/opt/ros/foxy /usr/local/bin/cmake --build /home/sangjun/gcamp_ros2_ws/build/cpp_topic_pkg -- -j8 -l8
[0.469s] [ 14%] Built target laser_sub_node
[0.469s] [ 21%] [32mBuilding CXX object CMakeFiles/parking_node.dir/src/parking.cpp.o[0m
[0.469s] [ 35%] Built target topic_pub_node
[0.469s] [ 50%] Built target cmd_vel_pub_node
[0.469s] [ 64%] Built target topic_pub_oop_node
[0.470s] [ 78%] Built target topic_sub_node
[0.470s] [ 92%] Built target topic_sub_oop_node
[1.264s] [01m[K/home/sangjun/gcamp_ros2_ws/src/gcamp_ros2_basic/cpp_topic_pkg/src/parking.cpp:[m[K In member function â€˜[01m[Kvoid ParkingNode::sub_callback(sensor_msgs::msg::LaserScan_<std::allocator<void> >::SharedPtr)[m[Kâ€™:
[1.264s] [01m[K/home/sangjun/gcamp_ros2_ws/src/gcamp_ros2_basic/cpp_topic_pkg/src/parking.cpp:48:23:[m[K [01;31m[Kerror: [m[Kexpected â€˜[01m[K;[m[Kâ€™ before â€˜[01m[K}[m[Kâ€™ token
[1.264s]    48 |           move_robot()
[1.264s]       |                       [01;31m[K^[m[K
[1.264s]       |                       [32m[K;[m[K
[1.264s]    49 |       [32m[K}[m[K
[1.264s]       |       [32m[K~[m[K                
[1.270s] [01m[K/home/sangjun/gcamp_ros2_ws/src/gcamp_ros2_basic/cpp_topic_pkg/src/parking.cpp:[m[K In member function â€˜[01m[Kvoid ParkingNode::move_robot_left(const int&)[m[Kâ€™:
[1.270s] [01m[K/home/sangjun/gcamp_ros2_ws/src/gcamp_ros2_basic/cpp_topic_pkg/src/parking.cpp:72:35:[m[K [01;35m[Kwarning: [m[Kunused parameter â€˜[01m[KRightsiteRisk[m[Kâ€™ [[01;35m[K-Wunused-parameter[m[K]
[1.270s]    72 |   void move_robot_left([01;35m[Kconst int &RightsiteRisk[m[K) {
[1.270s]       |                        [01;35m[K~~~~~~~~~~~^~~~~~~~~~~~~[m[K
[1.270s] [01m[K/home/sangjun/gcamp_ros2_ws/src/gcamp_ros2_basic/cpp_topic_pkg/src/parking.cpp:[m[K In member function â€˜[01m[Kvoid ParkingNode::move_robot_Right(const int&)[m[Kâ€™:
[1.270s] [01m[K/home/sangjun/gcamp_ros2_ws/src/gcamp_ros2_basic/cpp_topic_pkg/src/parking.cpp:78:36:[m[K [01;35m[Kwarning: [m[Kunused parameter â€˜[01m[KLeftsiteRisk[m[Kâ€™ [[01;35m[K-Wunused-parameter[m[K]
[1.270s]    78 |   void move_robot_Right([01;35m[Kconst int &LeftsiteRisk[m[K) {
[1.270s]       |                         [01;35m[K~~~~~~~~~~~^~~~~~~~~~~~[m[K
[2.998s] make[2]: *** [CMakeFiles/parking_node.dir/build.make:76: CMakeFiles/parking_node.dir/src/parking.cpp.o] Error 1
[2.998s] make[1]: *** [CMakeFiles/Makefile2:201: CMakeFiles/parking_node.dir/all] Error 2
[2.998s] make: *** [Makefile:146: all] Error 2
[2.999s] Invoked command in '/home/sangjun/gcamp_ros2_ws/build/cpp_topic_pkg' returned '2': CMAKE_PREFIX_PATH=${CMAKE_PREFIX_PATH}:/home/sangjun/gcamp_ros2_ws/install/py_topic_pkg:/home/sangjun/gcamp_ros2_ws/install/py_service_pkg:/home/sangjun/gcamp_ros2_ws/install/py_first_pkg:/home/sangjun/gcamp_ros2_ws/install/py_action_pkg:/opt/ros/foxy /usr/local/bin/cmake --build /home/sangjun/gcamp_ros2_ws/build/cpp_topic_pkg -- -j8 -l8
