[01m[K/home/sangjun/gcamp_ros2_ws/src/gcamp_ros2_basic/cpp_topic_pkg/src/parkingz.cpp:[m[K In member function â€˜[01m[Kvoid ParkingNode::sub_callback(sensor_msgs::msg::LaserScan_<std::allocator<void> >::SharedPtr)[m[Kâ€™:
[01m[K/home/sangjun/gcamp_ros2_ws/src/gcamp_ros2_basic/cpp_topic_pkg/src/parkingz.cpp:91:9:[m[K [01;31m[Kerror: [m[Kâ€˜[01m[KstartAstar[m[Kâ€™ was not declared in this scope; did you mean â€˜[01m[Kstrstr[m[Kâ€™?
   91 |         [01;31m[KstartAstar[m[K();
      |         [01;31m[K^~~~~~~~~~[m[K
      |         [32m[Kstrstr[m[K
make[2]: *** [CMakeFiles/parkingz_node.dir/build.make:76: CMakeFiles/parkingz_node.dir/src/parkingz.cpp.o] Error 1
make[1]: *** [CMakeFiles/Makefile2:229: CMakeFiles/parkingz_node.dir/all] Error 2
make: *** [Makefile:146: all] Error 2
