[ 12%] Built target cmd_vel_pub_node
[ 25%] Built target topic_pub_node
[ 37%] Built target laser_sub_node
[ 50%] Built target parkingz_node
[ 68%] [32mBuilding CXX object CMakeFiles/parking_node.dir/src/parking.cpp.o[0m
[ 68%] Built target topic_sub_node
[ 81%] Built target topic_pub_oop_node
[ 93%] Built target topic_sub_oop_node
[01m[K/home/sangjun/gcamp_ros2_ws/src/gcamp_ros2_basic/cpp_topic_pkg/src/parking.cpp:[m[K In member function â€˜[01m[Kvoid ParkingNode::heading_scan_position(std::vector<float>&)[m[Kâ€™:
[01m[K/home/sangjun/gcamp_ros2_ws/src/gcamp_ros2_basic/cpp_topic_pkg/src/parking.cpp:162:27:[m[K [01;31m[Kerror: [m[Kinvalid types â€˜[01m[Kdouble[int][m[Kâ€™ for array subscript
  162 |           Mapmatrix[xpos[i[01;31m[K][m[K,ypos[i]] = true;
      |                           [01;31m[K^[m[K
[01m[K/home/sangjun/gcamp_ros2_ws/src/gcamp_ros2_basic/cpp_topic_pkg/src/parking.cpp:162:35:[m[K [01;31m[Kerror: [m[Kinvalid types â€˜[01m[Kdouble[int][m[Kâ€™ for array subscript
  162 |           Mapmatrix[xpos[i],ypos[i[01;31m[K][m[K] = true;
      |                                   [01;31m[K^[m[K
make[2]: *** [CMakeFiles/parking_node.dir/build.make:76: CMakeFiles/parking_node.dir/src/parking.cpp.o] Error 1
make[1]: *** [CMakeFiles/Makefile2:203: CMakeFiles/parking_node.dir/all] Error 2
make: *** [Makefile:146: all] Error 2
