[0.049s] Invoking command in '/home/sangjun/gcamp_ros2_ws/build/cpp_topic_pkg': CMAKE_PREFIX_PATH=${CMAKE_PREFIX_PATH}:/home/sangjun/gcamp_ros2_ws/install/py_topic_pkg:/home/sangjun/gcamp_ros2_ws/install/py_service_pkg:/home/sangjun/gcamp_ros2_ws/install/py_first_pkg:/home/sangjun/gcamp_ros2_ws/install/py_action_pkg:/opt/ros/foxy /usr/local/bin/cmake --build /home/sangjun/gcamp_ros2_ws/build/cpp_topic_pkg -- -j8 -l8
[0.110s] [ 12%] Built target cmd_vel_pub_node
[0.111s] [ 25%] Built target topic_pub_node
[0.111s] [ 37%] Built target laser_sub_node
[0.112s] [ 50%] Built target parkingz_node
[0.114s] [ 68%] [32mBuilding CXX object CMakeFiles/parking_node.dir/src/parking.cpp.o[0m
[0.114s] [ 68%] Built target topic_sub_node
[0.115s] [ 81%] Built target topic_pub_oop_node
[0.123s] [ 93%] Built target topic_sub_oop_node
[1.340s] [01m[K/home/sangjun/gcamp_ros2_ws/src/gcamp_ros2_basic/cpp_topic_pkg/src/parking.cpp:[m[K In member function â€˜[01m[Kvoid ParkingNode::heading_scan_position(std::vector<float>&)[m[Kâ€™:
[1.340s] [01m[K/home/sangjun/gcamp_ros2_ws/src/gcamp_ros2_basic/cpp_topic_pkg/src/parking.cpp:162:27:[m[K [01;31m[Kerror: [m[Kinvalid types â€˜[01m[Kdouble[int][m[Kâ€™ for array subscript
[1.340s]   162 |           Mapmatrix[xpos[i[01;31m[K][m[K,ypos[i]] = true;
[1.340s]       |                           [01;31m[K^[m[K
[1.340s] [01m[K/home/sangjun/gcamp_ros2_ws/src/gcamp_ros2_basic/cpp_topic_pkg/src/parking.cpp:162:35:[m[K [01;31m[Kerror: [m[Kinvalid types â€˜[01m[Kdouble[int][m[Kâ€™ for array subscript
[1.340s]   162 |           Mapmatrix[xpos[i],ypos[i[01;31m[K][m[K] = true;
[1.340s]       |                                   [01;31m[K^[m[K
[3.052s] make[2]: *** [CMakeFiles/parking_node.dir/build.make:76: CMakeFiles/parking_node.dir/src/parking.cpp.o] Error 1
[3.053s] make[1]: *** [CMakeFiles/Makefile2:203: CMakeFiles/parking_node.dir/all] Error 2
[3.053s] make: *** [Makefile:146: all] Error 2
[3.054s] Invoked command in '/home/sangjun/gcamp_ros2_ws/build/cpp_topic_pkg' returned '2': CMAKE_PREFIX_PATH=${CMAKE_PREFIX_PATH}:/home/sangjun/gcamp_ros2_ws/install/py_topic_pkg:/home/sangjun/gcamp_ros2_ws/install/py_service_pkg:/home/sangjun/gcamp_ros2_ws/install/py_first_pkg:/home/sangjun/gcamp_ros2_ws/install/py_action_pkg:/opt/ros/foxy /usr/local/bin/cmake --build /home/sangjun/gcamp_ros2_ws/build/cpp_topic_pkg -- -j8 -l8
