[  6%] [32mBuilding CXX object CMakeFiles/parking_node.dir/src/parking.cpp.o[0m
[ 31%] Built target laser_sub_node
[ 31%] Built target cmd_vel_pub_node
[ 43%] Built target topic_pub_oop_node
[ 62%] Built target parkingz_node
[ 93%] Built target topic_sub_oop_node
[ 87%] Built target topic_pub_node
[ 93%] Built target topic_sub_node
[01m[K/home/sangjun/gcamp_ros2_ws/src/gcamp_ros2_basic/cpp_topic_pkg/src/parking.cpp:[m[K In function â€˜[01m[Kint main(int, char**)[m[Kâ€™:
[01m[K/home/sangjun/gcamp_ros2_ws/src/gcamp_ros2_basic/cpp_topic_pkg/src/parking.cpp:190:3:[m[K [01;31m[Kerror: [m[Kâ€˜[01m[KShowRoboVeloInfo[m[Kâ€™ was not declared in this scope
  190 |   [01;31m[KShowRoboVeloInfo[m[K();
      |   [01;31m[K^~~~~~~~~~~~~~~~[m[K
make[2]: *** [CMakeFiles/parking_node.dir/build.make:76: CMakeFiles/parking_node.dir/src/parking.cpp.o] Error 1
make[1]: *** [CMakeFiles/Makefile2:203: CMakeFiles/parking_node.dir/all] Error 2
make: *** [Makefile:146: all] Error 2
