[0.048s] Invoking command in '/home/sangjun/gcamp_ros2_ws/build/cpp_topic_pkg': CMAKE_PREFIX_PATH=${CMAKE_PREFIX_PATH}:/home/sangjun/gcamp_ros2_ws/install/py_topic_pkg:/home/sangjun/gcamp_ros2_ws/install/py_service_pkg:/home/sangjun/gcamp_ros2_ws/install/py_first_pkg:/home/sangjun/gcamp_ros2_ws/install/py_action_pkg:/opt/ros/foxy /usr/local/bin/cmake --build /home/sangjun/gcamp_ros2_ws/build/cpp_topic_pkg -- -j8 -l8
[0.098s] [ 12%] Built target cmd_vel_pub_node
[0.107s] [ 18%] [32mBuilding CXX object CMakeFiles/parking_node.dir/src/parking.cpp.o[0m
[0.108s] [ 31%] Built target parkingz_node
[0.110s] [ 56%] Built target topic_pub_oop_node
[0.111s] [ 56%] Built target laser_sub_node
[0.112s] [ 68%] Built target topic_pub_node
[0.112s] [ 81%] Built target topic_sub_node
[0.119s] [ 93%] Built target topic_sub_oop_node
[1.311s] [01m[K/home/sangjun/gcamp_ros2_ws/src/gcamp_ros2_basic/cpp_topic_pkg/src/parking.cpp:[m[K In member function â€˜[01m[Kvoid ParkingNode::heading_scan_position(std::vector<float>&)[m[Kâ€™:
[1.312s] [01m[K/home/sangjun/gcamp_ros2_ws/src/gcamp_ros2_basic/cpp_topic_pkg/src/parking.cpp:151:15:[m[K [01;31m[Kerror: [m[Kexpected unqualified-id before â€˜[01m[K=[m[Kâ€™ token
[1.312s]   151 |       for (int[01;31m[K=[m[Ki; i<720 ; i++)
[1.312s]       |               [01;31m[K^[m[K
[1.312s] [01m[K/home/sangjun/gcamp_ros2_ws/src/gcamp_ros2_basic/cpp_topic_pkg/src/parking.cpp:151:15:[m[K [01;31m[Kerror: [m[Kexpected â€˜[01m[K;[m[Kâ€™ before â€˜[01m[K=[m[Kâ€™ token
[1.312s]   151 |       for (int[01;31m[K=[m[Ki; i<720 ; i++)
[1.312s]       |               [01;31m[K^[m[K
[1.312s]       |               [32m[K;[m[K
[1.312s] [01m[K/home/sangjun/gcamp_ros2_ws/src/gcamp_ros2_basic/cpp_topic_pkg/src/parking.cpp:151:15:[m[K [01;31m[Kerror: [m[Kexpected primary-expression before â€˜[01m[K=[m[Kâ€™ token
[1.313s] [01m[K/home/sangjun/gcamp_ros2_ws/src/gcamp_ros2_basic/cpp_topic_pkg/src/parking.cpp:151:16:[m[K [01;31m[Kerror: [m[Kâ€˜[01m[Ki[m[Kâ€™ was not declared in this scope
[1.313s]   151 |       for (int=[01;31m[Ki[m[K; i<720 ; i++)
[1.313s]       |                [01;31m[K^[m[K
[1.313s] [01m[K/home/sangjun/gcamp_ros2_ws/src/gcamp_ros2_basic/cpp_topic_pkg/src/parking.cpp:151:24:[m[K [01;31m[Kerror: [m[Kexpected â€˜[01m[K)[m[Kâ€™ before â€˜[01m[K;[m[Kâ€™ token
[1.313s]   151 |       for [34m[K([m[Kint=i; i<720[01;31m[K [m[K[32m[K;[m[K i++)
[1.313s]       |           [34m[K~[m[K            [01;31m[K^[m[K[32m[K~[m[K
[1.313s]       |                        [32m[K)[m[K
[1.314s] [01m[K/home/sangjun/gcamp_ros2_ws/src/gcamp_ros2_basic/cpp_topic_pkg/src/parking.cpp:151:7:[m[K [01;35m[Kwarning: [m[Kthis â€˜[01m[Kfor[m[Kâ€™ clause does not guard... [[01;35m[K-Wmisleading-indentation[m[K]
[1.314s]   151 |       [01;35m[Kfor[m[K (int=i; i<720 ; i++)
[1.314s]       |       [01;35m[K^~~[m[K
[1.314s] [01m[K/home/sangjun/gcamp_ros2_ws/src/gcamp_ros2_basic/cpp_topic_pkg/src/parking.cpp:151:27:[m[K [01;36m[Knote: [m[K...this statement, but the latter is misleadingly indented as if it were guarded by the â€˜[01m[Kfor[m[Kâ€™
[1.314s]   151 |       for (int=i; i<720 ; [01;36m[Ki[m[K++)
[1.314s]       |                           [01;36m[K^[m[K
[1.314s] [01m[K/home/sangjun/gcamp_ros2_ws/src/gcamp_ros2_basic/cpp_topic_pkg/src/parking.cpp:151:27:[m[K [01;31m[Kerror: [m[Kâ€˜[01m[Ki[m[Kâ€™ was not declared in this scope
[1.315s] [01m[K/home/sangjun/gcamp_ros2_ws/src/gcamp_ros2_basic/cpp_topic_pkg/src/parking.cpp:162:27:[m[K [01;35m[Kwarning: [m[Kleft operand of comma operator has no effect [[01;35m[K-Wunused-value[m[K]
[1.315s]   162 |           Mapmatrix[[01;35m[Kxpos[i][m[K,ypos[i]] = true;
[1.315s]       |                     [01;35m[K~~~~~~^[m[K
[1.315s] [01m[K/home/sangjun/gcamp_ros2_ws/src/gcamp_ros2_basic/cpp_topic_pkg/src/parking.cpp:162:40:[m[K [01;31m[Kerror: [m[Kno match for â€˜[01m[Koperator=[m[Kâ€™ (operand types are â€˜[01m[K__gnu_cxx::__alloc_traits<std::allocator<std::vector<bool, std::allocator<bool> > >, std::vector<bool, std::allocator<bool> > >::value_type[m[Kâ€™ {aka â€˜[01m[Kstd::vector<bool, std::allocator<bool> >[m[Kâ€™} and â€˜[01m[Kbool[m[Kâ€™)
[1.315s]   162 |           Mapmatrix[xpos[i],ypos[i]] = [01;31m[Ktrue[m[K;
[1.315s]       |                                        [01;31m[K^~~~[m[K
[1.315s] In file included from [01m[K/usr/include/c++/9/vector:68[m[K,
[1.315s]                  from [01m[K/opt/ros/foxy/include/rosidl_runtime_cpp/bounded_vector.hpp:22[m[K,
[1.316s]                  from [01m[K/opt/ros/foxy/include/geometry_msgs/msg/detail/twist__struct.hpp:8[m[K,
[1.316s]                  from [01m[K/opt/ros/foxy/include/geometry_msgs/msg/twist.hpp:7[m[K,
[1.316s]                  from [01m[K/home/sangjun/gcamp_ros2_ws/src/gcamp_ros2_basic/cpp_topic_pkg/src/parking.cpp:16[m[K:
[1.316s] [01m[K/usr/include/c++/9/bits/stl_bvector.h:717:7:[m[K [01;36m[Knote: [m[Kcandidate: â€˜[01m[Kstd::vector<bool, _Alloc>& std::vector<bool, _Alloc>::operator=(const std::vector<bool, _Alloc>&) [with _Alloc = std::allocator<bool>][m[Kâ€™
[1.316s]   717 |       [01;36m[Koperator[m[K=(const vector& __x)
[1.316s]       |       [01;36m[K^~~~~~~~[m[K
[1.316s] [01m[K/usr/include/c++/9/bits/stl_bvector.h:717:31:[m[K [01;36m[Knote: [m[K  no known conversion for argument 1 from â€˜[01m[Kbool[m[Kâ€™ to â€˜[01m[Kconst std::vector<bool, std::allocator<bool> >&[m[Kâ€™
[1.316s]   717 |       operator=([01;36m[Kconst vector& __x[m[K)
[1.317s]       |                 [01;36m[K~~~~~~~~~~~~~~^~~[m[K
[1.317s] [01m[K/usr/include/c++/9/bits/stl_bvector.h:748:7:[m[K [01;36m[Knote: [m[Kcandidate: â€˜[01m[Kstd::vector<bool, _Alloc>& std::vector<bool, _Alloc>::operator=(std::vector<bool, _Alloc>&&) [with _Alloc = std::allocator<bool>][m[Kâ€™
[1.317s]   748 |       [01;36m[Koperator[m[K=(vector&& __x) noexcept(_Bit_alloc_traits::_S_nothrow_move())
[1.317s]       |       [01;36m[K^~~~~~~~[m[K
[1.317s] [01m[K/usr/include/c++/9/bits/stl_bvector.h:748:26:[m[K [01;36m[Knote: [m[K  no known conversion for argument 1 from â€˜[01m[Kbool[m[Kâ€™ to â€˜[01m[Kstd::vector<bool, std::allocator<bool> >&&[m[Kâ€™
[1.317s]   748 |       operator=([01;36m[Kvector&& __x[m[K) noexcept(_Bit_alloc_traits::_S_nothrow_move())
[1.317s]       |                 [01;36m[K~~~~~~~~~^~~[m[K
[1.317s] [01m[K/usr/include/c++/9/bits/stl_bvector.h:773:7:[m[K [01;36m[Knote: [m[Kcandidate: â€˜[01m[Kstd::vector<bool, _Alloc>& std::vector<bool, _Alloc>::operator=(std::initializer_list<bool>) [with _Alloc = std::allocator<bool>][m[Kâ€™
[1.317s]   773 |       [01;36m[Koperator[m[K=(initializer_list<bool> __l)
[1.317s]       |       [01;36m[K^~~~~~~~[m[K
[1.317s] [01m[K/usr/include/c++/9/bits/stl_bvector.h:773:40:[m[K [01;36m[Knote: [m[K  no known conversion for argument 1 from â€˜[01m[Kbool[m[Kâ€™ to â€˜[01m[Kstd::initializer_list<bool>[m[Kâ€™
[1.317s]   773 |       operator=([01;36m[Kinitializer_list<bool> __l[m[K)
[1.317s]       |                 [01;36m[K~~~~~~~~~~~~~~~~~~~~~~~^~~[m[K
[1.317s] [01m[K/home/sangjun/gcamp_ros2_ws/src/gcamp_ros2_basic/cpp_topic_pkg/src/parking.cpp:147:50:[m[K [01;35m[Kwarning: [m[Kunused parameter â€˜[01m[Kscanarray[m[Kâ€™ [[01;35m[K-Wunused-parameter[m[K]
[1.317s]   147 |   void heading_scan_position([01;35m[Kstd::vector<float> &scanarray[m[K)
[1.317s]       |                              [01;35m[K~~~~~~~~~~~~~~~~~~~~^~~~~~~~~[m[K
[3.072s] make[2]: *** [CMakeFiles/parking_node.dir/build.make:76: CMakeFiles/parking_node.dir/src/parking.cpp.o] Error 1
[3.072s] make[1]: *** [CMakeFiles/Makefile2:203: CMakeFiles/parking_node.dir/all] Error 2
[3.072s] make: *** [Makefile:146: all] Error 2
[3.075s] Invoked command in '/home/sangjun/gcamp_ros2_ws/build/cpp_topic_pkg' returned '2': CMAKE_PREFIX_PATH=${CMAKE_PREFIX_PATH}:/home/sangjun/gcamp_ros2_ws/install/py_topic_pkg:/home/sangjun/gcamp_ros2_ws/install/py_service_pkg:/home/sangjun/gcamp_ros2_ws/install/py_first_pkg:/home/sangjun/gcamp_ros2_ws/install/py_action_pkg:/opt/ros/foxy /usr/local/bin/cmake --build /home/sangjun/gcamp_ros2_ws/build/cpp_topic_pkg -- -j8 -l8
