[0.051s] Invoking command in '/home/sangjun/gcamp_ros2_ws/build/cpp_topic_pkg': CMAKE_PREFIX_PATH=${CMAKE_PREFIX_PATH}:/home/sangjun/gcamp_ros2_ws/install/py_topic_pkg:/home/sangjun/gcamp_ros2_ws/install/py_service_pkg:/home/sangjun/gcamp_ros2_ws/install/py_first_pkg:/home/sangjun/gcamp_ros2_ws/install/py_action_pkg:/opt/ros/foxy /usr/local/bin/cmake --build /home/sangjun/gcamp_ros2_ws/build/cpp_topic_pkg -- -j8 -l8
[0.093s] [ 14%] Built target cmd_vel_pub_node
[0.098s] [ 21%] [32mBuilding CXX object CMakeFiles/parking_node.dir/src/parking.cpp.o[0m
[0.099s] [ 35%] Built target topic_sub_node
[0.100s] [ 57%] Built target topic_pub_oop_node
[0.100s] [ 64%] Built target topic_pub_node
[0.100s] [ 78%] Built target topic_sub_oop_node
[0.102s] [ 92%] Built target laser_sub_node
[1.160s] [01m[K/home/sangjun/gcamp_ros2_ws/src/gcamp_ros2_basic/cpp_topic_pkg/src/parking.cpp:[m[K In constructor â€˜[01m[KParkingNode::ParkingNode()[m[Kâ€™:
[1.160s] [01m[K/home/sangjun/gcamp_ros2_ws/src/gcamp_ros2_basic/cpp_topic_pkg/src/parking.cpp:43:20:[m[K [01;31m[Kerror: [m[Kâ€˜[01m[KMinimalPoseOdomSubscriber[m[Kâ€™ has not been declared
[1.160s]    43 |         std::bind(&[01;31m[KMinimalPoseOdomSubscriber[m[K::odomCallback, this, std::placeholders::_1) );
[1.160s]       |                    [01;31m[K^~~~~~~~~~~~~~~~~~~~~~~~~[m[K
[1.163s] In file included from [01m[K/opt/ros/foxy/include/rclcpp/client.hpp:40[m[K,
[1.163s]                  from [01m[K/opt/ros/foxy/include/rclcpp/callback_group.hpp:23[m[K,
[1.163s]                  from [01m[K/opt/ros/foxy/include/rclcpp/any_executable.hpp:20[m[K,
[1.163s]                  from [01m[K/opt/ros/foxy/include/rclcpp/memory_strategy.hpp:24[m[K,
[1.163s]                  from [01m[K/opt/ros/foxy/include/rclcpp/memory_strategies.hpp:18[m[K,
[1.163s]                  from [01m[K/opt/ros/foxy/include/rclcpp/executor_options.hpp:20[m[K,
[1.163s]                  from [01m[K/opt/ros/foxy/include/rclcpp/executor.hpp:33[m[K,
[1.164s]                  from [01m[K/opt/ros/foxy/include/rclcpp/executors/multi_threaded_executor.hpp:26[m[K,
[1.164s]                  from [01m[K/opt/ros/foxy/include/rclcpp/executors.hpp:21[m[K,
[1.164s]                  from [01m[K/opt/ros/foxy/include/rclcpp/rclcpp.hpp:146[m[K,
[1.164s]                  from [01m[K/home/sangjun/gcamp_ros2_ws/src/gcamp_ros2_basic/cpp_topic_pkg/src/parking.cpp:17[m[K:
[1.164s] [01m[K/home/sangjun/gcamp_ros2_ws/src/gcamp_ros2_basic/cpp_topic_pkg/src/parking.cpp:[m[K In member function â€˜[01m[Kvoid ParkingNode::sub_callback(sensor_msgs::msg::LaserScan_<std::allocator<void> >::SharedPtr)[m[Kâ€™:
[1.164s] [01m[K/home/sangjun/gcamp_ros2_ws/src/gcamp_ros2_basic/cpp_topic_pkg/src/parking.cpp:52:48:[m[K [01;31m[Kerror: [m[Kno matching function for call to â€˜[01m[KParkingNode::Yaw()[m[Kâ€™
[1.164s]    52 |       RCLCPP_INFO(get_logger(), "Yaw: &f", Yaw([01;31m[K)[m[K);
[1.164s]       |                                                [01;31m[K^[m[K
[1.164s] [01m[K/home/sangjun/gcamp_ros2_ws/src/gcamp_ros2_basic/cpp_topic_pkg/src/parking.cpp:70:10:[m[K [01;36m[Knote: [m[Kcandidate: â€˜[01m[Kdouble ParkingNode::Yaw(nav_msgs::msg::Odometry_<std::allocator<void> >::SharedPtr)[m[Kâ€™
[1.164s]    70 |   double [01;36m[KYaw[m[K(const Odometry::SharedPtr msg){
[1.165s]       |          [01;36m[K^~~[m[K
[1.165s] [01m[K/home/sangjun/gcamp_ros2_ws/src/gcamp_ros2_basic/cpp_topic_pkg/src/parking.cpp:70:10:[m[K [01;36m[Knote: [m[K  candidate expects 1 argument, 0 provided
[1.168s] [01m[K/home/sangjun/gcamp_ros2_ws/src/gcamp_ros2_basic/cpp_topic_pkg/src/parking.cpp:[m[K In member function â€˜[01m[Kdouble ParkingNode::Yaw(nav_msgs::msg::Odometry_<std::allocator<void> >::SharedPtr)[m[Kâ€™:
[1.168s] [01m[K/home/sangjun/gcamp_ros2_ws/src/gcamp_ros2_basic/cpp_topic_pkg/src/parking.cpp:77:20:[m[K [01;31m[Kerror: [m[Kâ€˜[01m[Knp[m[Kâ€™ was not declared in this scope
[1.168s]    77 |       double yaw = [01;31m[Knp[m[K.arctan2(siny_cosp, cosy_cosp);
[1.168s]       |                    [01;31m[K^~[m[K
[2.362s] make[2]: *** [CMakeFiles/parking_node.dir/build.make:76: CMakeFiles/parking_node.dir/src/parking.cpp.o] Error 1
[2.362s] make[1]: *** [CMakeFiles/Makefile2:201: CMakeFiles/parking_node.dir/all] Error 2
[2.363s] make: *** [Makefile:146: all] Error 2
[2.364s] Invoked command in '/home/sangjun/gcamp_ros2_ws/build/cpp_topic_pkg' returned '2': CMAKE_PREFIX_PATH=${CMAKE_PREFIX_PATH}:/home/sangjun/gcamp_ros2_ws/install/py_topic_pkg:/home/sangjun/gcamp_ros2_ws/install/py_service_pkg:/home/sangjun/gcamp_ros2_ws/install/py_first_pkg:/home/sangjun/gcamp_ros2_ws/install/py_action_pkg:/opt/ros/foxy /usr/local/bin/cmake --build /home/sangjun/gcamp_ros2_ws/build/cpp_topic_pkg -- -j8 -l8
