[01m[K/home/sangjun/gcamp_ros2_ws/src/gcamp_ros2_basic/cpp_topic_pkg/src/parking.cpp:[m[K In function â€˜[01m[Kint main(int, char**)[m[Kâ€™:
[01m[K/home/sangjun/gcamp_ros2_ws/src/gcamp_ros2_basic/cpp_topic_pkg/src/parking.cpp:190:33:[m[K [01;31m[Kerror: [m[Kcannot call member function â€˜[01m[Kvoid ParkingNode::ShowRoboVeloInfo()[m[Kâ€™ without object
  190 |   ParkingNode::ShowRoboVeloInfo([01;31m[K)[m[K;
      |                                 [01;31m[K^[m[K
make[2]: *** [CMakeFiles/parking_node.dir/build.make:76: CMakeFiles/parking_node.dir/src/parking.cpp.o] Error 1
make[1]: *** [CMakeFiles/Makefile2:203: CMakeFiles/parking_node.dir/all] Error 2
make: *** [Makefile:146: all] Error 2
