[0.057s] Invoking command in '/home/sangjun/gcamp_ros2_ws/build/cpp_topic_pkg': CMAKE_PREFIX_PATH=${CMAKE_PREFIX_PATH}:/home/sangjun/gcamp_ros2_ws/install/py_topic_pkg:/home/sangjun/gcamp_ros2_ws/install/py_service_pkg:/home/sangjun/gcamp_ros2_ws/install/py_first_pkg:/home/sangjun/gcamp_ros2_ws/install/py_action_pkg:/opt/ros/foxy /usr/local/bin/cmake --build /home/sangjun/gcamp_ros2_ws/build/cpp_topic_pkg -- -j8 -l8
[0.124s] [ 12%] Built target cmd_vel_pub_node
[0.124s] [ 25%] Built target laser_sub_node
[0.126s] [ 31%] [32mBuilding CXX object CMakeFiles/parking_node.dir/src/parking.cpp.o[0m
[0.129s] [ 43%] Built target topic_pub_node
[0.129s] [ 56%] Built target topic_pub_oop_node
[0.132s] [ 68%] Built target parkingz_node
[0.140s] [ 81%] Built target topic_sub_node
[0.143s] [ 93%] Built target topic_sub_oop_node
[1.392s] [01m[K/home/sangjun/gcamp_ros2_ws/src/gcamp_ros2_basic/cpp_topic_pkg/src/parking.cpp:[m[K In constructor â€˜[01m[KParkingNode::ParkingNode()[m[Kâ€™:
[1.392s] [01m[K/home/sangjun/gcamp_ros2_ws/src/gcamp_ros2_basic/cpp_topic_pkg/src/parking.cpp:40:48:[m[K [01;31m[Kerror: [m[Kno match for call to â€˜[01m[K(std::vector<std::vector<bool, std::allocator<bool> > >) (int, std::vector<bool, std::allocator<bool> >)[m[Kâ€™
[1.392s]    40 |     Mapmatrix(200, std::vector<bool>(200,false)[01;31m[K)[m[K;
[1.392s]       |                                                [01;31m[K^[m[K
[1.412s] [01m[K/home/sangjun/gcamp_ros2_ws/src/gcamp_ros2_basic/cpp_topic_pkg/src/parking.cpp:[m[K In member function â€˜[01m[Kvoid ParkingNode::ShowRoboVeloInfo()[m[Kâ€™:
[1.412s] [01m[K/home/sangjun/gcamp_ros2_ws/src/gcamp_ros2_basic/cpp_topic_pkg/src/parking.cpp:166:24:[m[K [01;35m[Kwarning: [m[Kformat â€˜[01m[K%d[m[Kâ€™ expects argument of type â€˜[01m[Kint[m[Kâ€™, but argument 2 has type â€˜[01m[Kstd::vector<bool, std::allocator<bool> >::reference[m[Kâ€™ {aka â€˜[01m[Kstd::_Bit_reference[m[Kâ€™} [[01;35m[K-Wformat=[m[K]
[1.413s]   166 |               printf("[01;35m[K%d[m[K",[32m[KMapmatrix[i][j][m[K);
[1.413s]       |                       [01;35m[K~^[m[K  [32m[K~~~~~~~~~~~~~~~[m[K
[1.413s]       |                        [01;35m[K|[m[K                [32m[K|[m[K
[1.413s]       |                        [01;35m[Kint[m[K              [32m[Kstd::vector<bool, std::allocator<bool> >::reference {aka std::_Bit_reference}[m[K
[3.298s] make[2]: *** [CMakeFiles/parking_node.dir/build.make:76: CMakeFiles/parking_node.dir/src/parking.cpp.o] Error 1
[3.298s] make[1]: *** [CMakeFiles/Makefile2:203: CMakeFiles/parking_node.dir/all] Error 2
[3.299s] make: *** [Makefile:146: all] Error 2
[3.300s] Invoked command in '/home/sangjun/gcamp_ros2_ws/build/cpp_topic_pkg' returned '2': CMAKE_PREFIX_PATH=${CMAKE_PREFIX_PATH}:/home/sangjun/gcamp_ros2_ws/install/py_topic_pkg:/home/sangjun/gcamp_ros2_ws/install/py_service_pkg:/home/sangjun/gcamp_ros2_ws/install/py_first_pkg:/home/sangjun/gcamp_ros2_ws/install/py_action_pkg:/opt/ros/foxy /usr/local/bin/cmake --build /home/sangjun/gcamp_ros2_ws/build/cpp_topic_pkg -- -j8 -l8
