[0.044s] Invoking command in '/home/sangjun/gcamp_ros2_ws/build/cpp_topic_pkg': CMAKE_PREFIX_PATH=${CMAKE_PREFIX_PATH}:/home/sangjun/gcamp_ros2_ws/install/py_topic_pkg:/home/sangjun/gcamp_ros2_ws/install/py_service_pkg:/home/sangjun/gcamp_ros2_ws/install/py_first_pkg:/home/sangjun/gcamp_ros2_ws/install/py_action_pkg:/opt/ros/foxy /usr/local/bin/cmake --build /home/sangjun/gcamp_ros2_ws/build/cpp_topic_pkg -- -j8 -l8
[0.094s] [ 12%] Built target laser_sub_node
[0.097s] [ 25%] Built target parking_node
[0.097s] [ 37%] Built target topic_sub_node
[0.098s] [ 43%] [32mBuilding CXX object CMakeFiles/parkingz_node.dir/src/parkingz.cpp.o[0m
[0.099s] [ 56%] Built target topic_pub_oop_node
[0.102s] [ 81%] Built target cmd_vel_pub_node
[0.102s] [ 81%] Built target topic_pub_node
[0.107s] [ 93%] Built target topic_sub_oop_node
[1.450s] [01m[K/home/sangjun/gcamp_ros2_ws/src/gcamp_ros2_basic/cpp_topic_pkg/src/parkingz.cpp:[m[K In member function â€˜[01m[Kvoid ParkingNode::sub_callback(sensor_msgs::msg::LaserScan_<std::allocator<void> >::SharedPtr)[m[Kâ€™:
[1.450s] [01m[K/home/sangjun/gcamp_ros2_ws/src/gcamp_ros2_basic/cpp_topic_pkg/src/parkingz.cpp:261:20:[m[K [01;31m[Kerror: [m[Kcannot bind non-const lvalue reference of type â€˜[01m[Kint&[m[Kâ€™ to an rvalue of type â€˜[01m[Kint[m[Kâ€™
[1.450s]   261 |         startAstar([01;31m[Kxpos[m[K, ypos);
[1.450s]       |                    [01;31m[K^~~~[m[K
[1.450s] [01m[K/home/sangjun/gcamp_ros2_ws/src/gcamp_ros2_basic/cpp_topic_pkg/src/parkingz.cpp:190:22:[m[K [01;36m[Knote: [m[K  initializing argument 1 of â€˜[01m[Kvoid startAstar(int&, int&)[m[Kâ€™
[1.450s]   190 | void startAstar([01;36m[Kint &Startx[m[K, int &Starty)
[1.450s]       |                 [01;36m[K~~~~~^~~~~~[m[K
[3.166s] make[2]: *** [CMakeFiles/parkingz_node.dir/build.make:76: CMakeFiles/parkingz_node.dir/src/parkingz.cpp.o] Error 1
[3.166s] make[1]: *** [CMakeFiles/Makefile2:229: CMakeFiles/parkingz_node.dir/all] Error 2
[3.166s] make: *** [Makefile:146: all] Error 2
[3.167s] Invoked command in '/home/sangjun/gcamp_ros2_ws/build/cpp_topic_pkg' returned '2': CMAKE_PREFIX_PATH=${CMAKE_PREFIX_PATH}:/home/sangjun/gcamp_ros2_ws/install/py_topic_pkg:/home/sangjun/gcamp_ros2_ws/install/py_service_pkg:/home/sangjun/gcamp_ros2_ws/install/py_first_pkg:/home/sangjun/gcamp_ros2_ws/install/py_action_pkg:/opt/ros/foxy /usr/local/bin/cmake --build /home/sangjun/gcamp_ros2_ws/build/cpp_topic_pkg -- -j8 -l8
