[0.073s] Invoking command in '/home/sangjun/gcamp_ros2_ws/build/cpp_topic_pkg': CMAKE_PREFIX_PATH=${CMAKE_PREFIX_PATH}:/home/sangjun/gcamp_ros2_ws/install/py_topic_pkg:/home/sangjun/gcamp_ros2_ws/install/py_service_pkg:/home/sangjun/gcamp_ros2_ws/install/py_first_pkg:/home/sangjun/gcamp_ros2_ws/install/py_action_pkg:/opt/ros/foxy /usr/local/bin/cmake --build /home/sangjun/gcamp_ros2_ws/build/cpp_topic_pkg -- -j8 -l8
[0.343s] [ 12%] Built target cmd_vel_pub_node
[0.343s] [ 25%] Built target parking_node
[0.343s] [ 37%] Built target laser_sub_node
[0.343s] [ 43%] [32mBuilding CXX object CMakeFiles/parkingz_node.dir/src/parkingz.cpp.o[0m
[0.343s] [ 56%] Built target topic_pub_node
[0.344s] [ 68%] Built target topic_pub_oop_node
[0.344s] [ 81%] Built target topic_sub_node
[0.344s] [ 93%] Built target topic_sub_oop_node
[0.344s] make[2]: *** wait: No child processes.  Stop.
[0.344s] make[2]: *** Waiting for unfinished jobs....
[0.344s] make[2]: *** wait: No child processes.  Stop.
[0.344s] make[1]: *** [CMakeFiles/Makefile2:229: CMakeFiles/parkingz_node.dir/all] Error 2
[0.344s] make: *** [Makefile:146: all] Interrupt
