[0.040s] Invoking command in '/home/sangjun/gcamp_ros2_ws/build/cpp_topic_pkg': CMAKE_PREFIX_PATH=${CMAKE_PREFIX_PATH}:/home/sangjun/gcamp_ros2_ws/install/py_topic_pkg:/home/sangjun/gcamp_ros2_ws/install/py_service_pkg:/home/sangjun/gcamp_ros2_ws/install/py_first_pkg:/home/sangjun/gcamp_ros2_ws/install/py_action_pkg:/opt/ros/foxy /usr/local/bin/cmake --build /home/sangjun/gcamp_ros2_ws/build/cpp_topic_pkg -- -j8 -l8
[0.085s] [ 12%] Built target laser_sub_node
[0.087s] [ 18%] [32mBuilding CXX object CMakeFiles/parking_node.dir/src/parking.cpp.o[0m
[0.093s] [ 31%] Built target cmd_vel_pub_node
[0.093s] [ 43%] Built target topic_pub_node
[0.095s] [ 56%] Built target parkingz_node
[0.100s] [ 68%] Built target topic_pub_oop_node
[0.105s] [ 81%] Built target topic_sub_oop_node
[0.105s] [ 93%] Built target topic_sub_node
[1.480s] [01m[K/home/sangjun/gcamp_ros2_ws/src/gcamp_ros2_basic/cpp_topic_pkg/src/parking.cpp:[m[K In member function â€˜[01m[Kvoid ParkingNode::sub_callback(sensor_msgs::msg::LaserScan_<std::allocator<void> >::SharedPtr)[m[Kâ€™:
[1.480s] [01m[K/home/sangjun/gcamp_ros2_ws/src/gcamp_ros2_basic/cpp_topic_pkg/src/parking.cpp:277:56:[m[K [01;31m[Kerror: [m[Kinvalid conversion from â€˜[01m[K__gnu_cxx::__alloc_traits<std::allocator<int>, int>::value_type[m[Kâ€™ {aka â€˜[01m[Kint[m[Kâ€™} to â€˜[01m[Kvoid*[m[Kâ€™ [[01;31m[K-fpermissive[m[K]
[1.481s]   277 |         std::memset(Mapmatrix[0][0],0,sizeof(Mapmatrix)[01;31m[K)[m[K;
[1.481s]       |                                                        [01;31m[K^[m[K
[1.481s]       |                                                        [01;31m[K|[m[K
[1.481s]       |                                                        [01;31m[K__gnu_cxx::__alloc_traits<std::allocator<int>, int>::value_type {aka int}[m[K
[1.481s] In file included from [01m[K/usr/include/c++/9/cstring:42[m[K,
[1.481s]                  from [01m[K/usr/include/x86_64-linux-gnu/c++/9/bits/stdc++.h:48[m[K,
[1.481s]                  from [01m[K/home/sangjun/gcamp_ros2_ws/src/gcamp_ros2_basic/cpp_topic_pkg/src/parking.cpp:1[m[K:
[1.481s] [01m[K/usr/include/string.h:61:28:[m[K [01;36m[Knote: [m[K  initializing argument 1 of â€˜[01m[Kvoid* memset(void*, int, size_t)[m[Kâ€™
[1.481s]    61 | extern void *memset ([01;36m[Kvoid *__s[m[K, int __c, size_t __n) __THROW __nonnull ((1));
[1.481s]       |                      [01;36m[K~~~~~~^~~[m[K
[3.206s] make[2]: *** [CMakeFiles/parking_node.dir/build.make:76: CMakeFiles/parking_node.dir/src/parking.cpp.o] Error 1
[3.206s] make[1]: *** [CMakeFiles/Makefile2:203: CMakeFiles/parking_node.dir/all] Error 2
[3.206s] make: *** [Makefile:146: all] Error 2
[3.208s] Invoked command in '/home/sangjun/gcamp_ros2_ws/build/cpp_topic_pkg' returned '2': CMAKE_PREFIX_PATH=${CMAKE_PREFIX_PATH}:/home/sangjun/gcamp_ros2_ws/install/py_topic_pkg:/home/sangjun/gcamp_ros2_ws/install/py_service_pkg:/home/sangjun/gcamp_ros2_ws/install/py_first_pkg:/home/sangjun/gcamp_ros2_ws/install/py_action_pkg:/opt/ros/foxy /usr/local/bin/cmake --build /home/sangjun/gcamp_ros2_ws/build/cpp_topic_pkg -- -j8 -l8
