[ 14%] Built target cmd_vel_pub_node
[ 28%] Built target laser_sub_node
[ 42%] Built target topic_pub_node
[ 57%] Built target topic_pub_oop_node
[ 64%] [32mBuilding CXX object CMakeFiles/parking_node.dir/src/parking.cpp.o[0m
[ 78%] Built target topic_sub_oop_node
[ 92%] Built target topic_sub_node
[01m[K/home/sangjun/gcamp_ros2_ws/src/gcamp_ros2_basic/cpp_topic_pkg/src/parking.cpp:65:22:[m[K [01;31m[Kerror: [m[Kâ€˜[01m[Kstd::vector[m[Kâ€™ is not a type
   65 |   int ArrayInit(std::[01;31m[Kvector[m[K &scanarray)
      |                      [01;31m[K^~~~~~[m[K
[01m[K/home/sangjun/gcamp_ros2_ws/src/gcamp_ros2_basic/cpp_topic_pkg/src/parking.cpp:[m[K In member function â€˜[01m[Kvoid ParkingNode::sub_callback(sensor_msgs::msg::LaserScan_<std::allocator<void> >::SharedPtr)[m[Kâ€™:
[01m[K/home/sangjun/gcamp_ros2_ws/src/gcamp_ros2_basic/cpp_topic_pkg/src/parking.cpp:39:37:[m[K [01;31m[Kerror: [m[Kcannot convert â€˜[01m[Ksensor_msgs::msg::LaserScan_<std::allocator<void> >::_ranges_type[m[Kâ€™ {aka â€˜[01m[Kstd::vector<float>[m[Kâ€™} to â€˜[01m[Kint&[m[Kâ€™
   39 |     int Lift_Site = ArrayInit([01;31m[K(msg->ranges)[m[K);
      |                               [01;31m[K~~~~~~^~~~~~~[m[K
      |                                     [01;31m[K|[m[K
      |                                     [01;31m[Ksensor_msgs::msg::LaserScan_<std::allocator<void> >::_ranges_type {aka std::vector<float>}[m[K
[01m[K/home/sangjun/gcamp_ros2_ws/src/gcamp_ros2_basic/cpp_topic_pkg/src/parking.cpp:65:30:[m[K [01;36m[Knote: [m[K  initializing argument 1 of â€˜[01m[Kint ParkingNode::ArrayInit(int&)[m[Kâ€™
   65 |   int ArrayInit([01;36m[Kstd::vector &scanarray[m[K)
      |                 [01;36m[K~~~~~~~~~~~~~^~~~~~~~~[m[K
[01m[K/home/sangjun/gcamp_ros2_ws/src/gcamp_ros2_basic/cpp_topic_pkg/src/parking.cpp:[m[K In member function â€˜[01m[Kint ParkingNode::ArrayInit(int&)[m[Kâ€™:
[01m[K/home/sangjun/gcamp_ros2_ws/src/gcamp_ros2_basic/cpp_topic_pkg/src/parking.cpp:70:41:[m[K [01;31m[Kerror: [m[Kinvalid types â€˜[01m[Kint[int][m[Kâ€™ for array subscript
   70 |           array[i]= array[i]*scanarray[i[01;31m[K][m[K;
      |                                         [01;31m[K^[m[K
make[2]: *** [CMakeFiles/parking_node.dir/build.make:76: CMakeFiles/parking_node.dir/src/parking.cpp.o] Error 1
make[1]: *** [CMakeFiles/Makefile2:201: CMakeFiles/parking_node.dir/all] Error 2
make: *** [Makefile:146: all] Error 2
