[ 14%] Built target cmd_vel_pub_node
[ 28%] Built target topic_pub_node
[ 35%] [32mBuilding CXX object CMakeFiles/parking_node.dir/src/parking.cpp.o[0m
[ 50%] Built target topic_pub_oop_node
[ 64%] Built target laser_sub_node
[ 78%] Built target topic_sub_node
[ 92%] Built target topic_sub_oop_node
[01m[K/home/sangjun/gcamp_ros2_ws/src/gcamp_ros2_basic/cpp_topic_pkg/src/parking.cpp:[m[K In member function â€˜[01m[Kvoid ParkingNode::sub_callback(sensor_msgs::msg::LaserScan_<std::allocator<void> >::SharedPtr)[m[Kâ€™:
[01m[K/home/sangjun/gcamp_ros2_ws/src/gcamp_ros2_basic/cpp_topic_pkg/src/parking.cpp:42:9:[m[K [01;35m[Kwarning: [m[Kstructured bindings only available with â€˜[01m[K-std=c++17[m[Kâ€™ or â€˜[01m[K-std=gnu++17[m[Kâ€™
   42 |     int [01;35m[K[[m[KRight_Site,Lift_Site] = ArrayInit((msg->ranges));
      |         [01;35m[K^[m[K
[01m[K/home/sangjun/gcamp_ros2_ws/src/gcamp_ros2_basic/cpp_topic_pkg/src/parking.cpp:42:9:[m[K [01;31m[Kerror: [m[Kstructured binding declaration cannot have type â€˜[01m[Kint[m[Kâ€™
   42 |     int [01;31m[K[Right_Site,Lift_Site][m[K = ArrayInit((msg->ranges));
      |         [01;31m[K^~~~~~~~~~~~~~~~~~~~~~[m[K
[01m[K/home/sangjun/gcamp_ros2_ws/src/gcamp_ros2_basic/cpp_topic_pkg/src/parking.cpp:42:9:[m[K [01;36m[Knote: [m[Ktype must be cv-qualified â€˜[01m[Kauto[m[Kâ€™ or reference to cv-qualified â€˜[01m[Kauto[m[Kâ€™
[01m[K/home/sangjun/gcamp_ros2_ws/src/gcamp_ros2_basic/cpp_topic_pkg/src/parking.cpp:42:10:[m[K [01;31m[Kerror: [m[Kconflicting declaration â€˜[01m[Kauto Right_Site[m[Kâ€™
   42 |     int [[01;31m[KRight_Site[m[K,Lift_Site] = ArrayInit((msg->ranges));
      |          [01;31m[K^~~~~~~~~~[m[K
[01m[K/home/sangjun/gcamp_ros2_ws/src/gcamp_ros2_basic/cpp_topic_pkg/src/parking.cpp:40:9:[m[K [01;36m[Knote: [m[Kprevious declaration as â€˜[01m[Kint Right_Site[m[Kâ€™
   40 |     int [01;36m[KRight_Site[m[K;
      |         [01;36m[K^~~~~~~~~~[m[K
[01m[K/home/sangjun/gcamp_ros2_ws/src/gcamp_ros2_basic/cpp_topic_pkg/src/parking.cpp:42:21:[m[K [01;31m[Kerror: [m[Kconflicting declaration â€˜[01m[Kauto Lift_Site[m[Kâ€™
   42 |     int [Right_Site,[01;31m[KLift_Site[m[K] = ArrayInit((msg->ranges));
      |                     [01;31m[K^~~~~~~~~[m[K
[01m[K/home/sangjun/gcamp_ros2_ws/src/gcamp_ros2_basic/cpp_topic_pkg/src/parking.cpp:41:9:[m[K [01;36m[Knote: [m[Kprevious declaration as â€˜[01m[Kint Lift_Site[m[Kâ€™
   41 |     int [01;36m[KLift_Site[m[K;
      |         [01;36m[K^~~~~~~~~[m[K
[01m[K/home/sangjun/gcamp_ros2_ws/src/gcamp_ros2_basic/cpp_topic_pkg/src/parking.cpp:42:9:[m[K [01;35m[Kwarning: [m[Kunused structured binding declaration [[01;35m[K-Wunused-variable[m[K]
   42 |     int [01;35m[K[Right_Site,Lift_Site][m[K = ArrayInit((msg->ranges));
      |         [01;35m[K^~~~~~~~~~~~~~~~~~~~~~[m[K
make[2]: *** [CMakeFiles/parking_node.dir/build.make:76: CMakeFiles/parking_node.dir/src/parking.cpp.o] Error 1
make[1]: *** [CMakeFiles/Makefile2:201: CMakeFiles/parking_node.dir/all] Error 2
make: *** [Makefile:146: all] Error 2
