[ 12%] Built target cmd_vel_pub_node
[ 18%] [32mBuilding CXX object CMakeFiles/parkingz_node.dir/src/parkingz.cpp.o[0m
[ 31%] Built target laser_sub_node
[ 43%] Built target topic_pub_oop_node
[ 56%] Built target topic_sub_node
[ 68%] Built target topic_sub_oop_node
[ 93%] Built target parking_node
[ 93%] Built target topic_pub_node
[01m[K/home/sangjun/gcamp_ros2_ws/src/gcamp_ros2_basic/cpp_topic_pkg/src/parkingz.cpp:[m[K In member function â€˜[01m[Kint ParkingNode::star_position(int, int)[m[Kâ€™:
[01m[K/home/sangjun/gcamp_ros2_ws/src/gcamp_ros2_basic/cpp_topic_pkg/src/parkingz.cpp:287:13:[m[K [01;35m[Kwarning: [m[Kthis â€˜[01m[Kif[m[Kâ€™ clause does not guard... [[01;35m[K-Wmisleading-indentation[m[K]
  287 |             [01;35m[Kif[m[K(zmap[CurrentX+dx1[i]][CurrentY+dy1[i]]=='*')
      |             [01;35m[K^~[m[K
[01m[K/home/sangjun/gcamp_ros2_ws/src/gcamp_ros2_basic/cpp_topic_pkg/src/parkingz.cpp:289:17:[m[K [01;36m[Knote: [m[K...this statement, but the latter is misleadingly indented as if it were guarded by the â€˜[01m[Kif[m[Kâ€™
  289 |                 [01;36m[Kreturn[m[K
      |                 [01;36m[K^~~~~~[m[K
[01m[K/home/sangjun/gcamp_ros2_ws/src/gcamp_ros2_basic/cpp_topic_pkg/src/parkingz.cpp:290:13:[m[K [01;31m[Kerror: [m[Kexpected primary-expression before â€˜[01m[Kif[m[Kâ€™
  290 |             [01;31m[Kif[m[K(zmap[CurrentX+dx2[i]][CurrentY+dy2[i]]=='*')
      |             [01;31m[K^~[m[K
[01m[K/home/sangjun/gcamp_ros2_ws/src/gcamp_ros2_basic/cpp_topic_pkg/src/parkingz.cpp:289:23:[m[K [01;31m[Kerror: [m[Kexpected â€˜[01m[K;[m[Kâ€™ before â€˜[01m[Kif[m[Kâ€™
  289 |                 return
      |                       [01;31m[K^[m[K
      |                       [32m[K;[m[K
  290 |             [32m[Kif[m[K(zmap[CurrentX+dx2[i]][CurrentY+dy2[i]]=='*')
      |             [32m[K~~[m[K         
make[2]: *** [CMakeFiles/parkingz_node.dir/build.make:76: CMakeFiles/parkingz_node.dir/src/parkingz.cpp.o] Error 1
make[1]: *** [CMakeFiles/Makefile2:229: CMakeFiles/parkingz_node.dir/all] Error 2
make: *** [Makefile:146: all] Error 2
